<?xml version="1.0" encoding="UTF-8"?>
<beans xmlns="http://www.springframework.org/schema/beans"
	   xmlns:mvc="http://www.springframework.org/schema/mvc"
	   xmlns:xsi="http://www.w3.org/2001/XMLSchema-instance" xmlns:context="http://www.springframework.org/schema/context"
	   xsi:schemaLocation="http://www.springframework.org/schema/beans https://www.springframework.org/schema/beans/spring-beans.xsd
		http://www.springframework.org/schema/mvc https://www.springframework.org/schema/mvc/spring-mvc.xsd http://www.springframework.org/schema/context https://www.springframework.org/schema/context/spring-context.xsd">



	<bean id="messageSource" class="org.springframework.context.support.ResourceBundleMessageSource">
		<property name="basename"><value>org/springframework/web/context/WEB-INF/test-messages</value></property>
	</bean>

	<bean id="themeSource" class="org.springframework.ui.context.support.ResourceBundleThemeSource">
		<property name="basenamePrefix"><value>org/springframework/web/context/WEB-INF/test-</value></property>
	</bean>

	<bean id="aca" class="org.springframework.context.testfixture.beans.ACATester"/>

	<bean id="aca-prototype" class="org.springframework.context.testfixture.beans.ACATester" scope="prototype"/>

	<bean id="rod" class="org.springframework.beans.testfixture.beans.TestBean">
		<property name="name"><value>Rod</value></property>
		<property name="age"><value>31</value></property>
		<property name="spouse"><ref bean="father"/></property>
	</bean>

	<bean id="testListener" class="org.springframework.context.testfixture.beans.TestApplicationListener"/>

	<bean id="roderick" parent="rod">
		<property name="name"><value>Roderick</value></property>
		<property name="age"><value>31</value></property>
	</bean>

	<bean id="kathy" class="org.springframework.beans.testfixture.beans.TestBean" scope="prototype"/>

	<bean id="kerry" class="org.springframework.beans.testfixture.beans.TestBean">
		<property name="name"><value>Kerry</value></property>
		<property name="age"><value>34</value></property>
		<property name="spouse"><ref bean="rod"/></property>
	</bean>

	<bean id="typeMismatch" class="org.springframework.beans.testfixture.beans.TestBean" scope="prototype">
		<property name="name"><value>typeMismatch</value></property>
		<property name="age"><value>34x</value></property>
		<property name="spouse"><ref bean="rod"/></property>
	</bean>

	<bean id="singletonFactory" class="org.springframework.beans.testfixture.beans.factory.DummyFactory">
	</bean>

	<bean id="prototypeFactory" class="org.springframework.beans.testfixture.beans.factory.DummyFactory">
		<property name="singleton"><value>false</value></property>
	</bean>

	<bean id="listenerVeto" class="org.springframework.beans.testfixture.beans.TestBean">
		<property name="name"><value>listenerVeto</value></property>
		<property name="age"><value>66</value></property>
	</bean>

	<bean id="validEmpty" class="org.springframework.beans.testfixture.beans.TestBean"/>


	<!--springmvc 控制器-->
	<!--<mvc:annotation-driven />-->

	<!--<bean id="myController" class="org.springframework.web.context.XmlWebApplicationContextTests.MyController"></bean>-->

</beans>
